<?xml version="1.0" encoding="UTF-8"?>
<!-- Generated by org.testng.reporters.JUnitReportReporter -->
<testsuite hostname="DESKTOP-92B5J1P" failures="0" tests="2" name="com.amazon.qa.testcases.LoginPageTest" time="11.097" errors="0" timestamp="2024-06-29T03:33:12 IST" skipped="0">
  <testcase classname="com.amazon.qa.testcases.LoginPageTest" name="LoginTitleTest" time="4.677"/>
  <testcase classname="com.amazon.qa.testcases.LoginPageTest" name="loginTest" time="6.420"/>
</testsuite> <!-- com.amazon.qa.testcases.LoginPageTest -->
